<?xml version="1.0" encoding="UTF-8"?>
<!-- Generated by org.testng.reporters.JUnitReportReporter -->
<testsuite hostname="Navin" failures="0" tests="7" name="com.runner.InvocationCount" time="0.018" errors="0" timestamp="2024-10-15T09:29:50 IST" skipped="0">
  <testcase classname="com.runner.InvocationCount" name="verifySearch" time="0.009"/>
  <testcase classname="com.runner.InvocationCount" name="verifySelectedProduct" time="0.000"/>
  <testcase classname="com.runner.InvocationCount" name="verifySelectedProduct" time="0.001"/>
  <testcase classname="com.runner.InvocationCount" name="verifySelectedProduct" time="0.002"/>
  <testcase classname="com.runner.InvocationCount" name="verifySelectedProduct" time="0.002"/>
  <testcase classname="com.runner.InvocationCount" name="verifySelectedProduct" time="0.002"/>
  <testcase classname="com.runner.InvocationCount" name="verifyPayment" time="0.002"/>
</testsuite> <!-- com.runner.InvocationCount -->
