<?xml version="1.0" encoding="UTF-8"?>
<!-- Generated by org.testng.reporters.JUnitReportReporter -->
<testsuite hostname="Navin" failures="0" tests="5" name="com.runner.DependsOnMethods" time="0.015" errors="0" timestamp="2024-10-15T09:38:25 IST" skipped="0">
  <testcase classname="com.runner.DependsOnMethods" name="captureScreenshot" time="0.002"/>
  <testcase classname="com.runner.DependsOnMethods" name="pageRefresh" time="0.011"/>
  <testcase classname="com.runner.DependsOnMethods" name="verifySelectedProduct" time="0.001"/>
  <testcase classname="com.runner.DependsOnMethods" name="verifySearch" time="0.000"/>
  <testcase classname="com.runner.DependsOnMethods" name="verifyPayment" time="0.001"/>
</testsuite> <!-- com.runner.DependsOnMethods -->
