<?xml version="1.0" encoding="UTF-8"?>
<!-- Generated by org.testng.reporters.JUnitReportReporter -->
<testsuite hostname="Navin" failures="0" tests="2" name="com.runner.DataProviderTest" time="0.006" errors="0" timestamp="2024-10-17T09:43:03 IST" skipped="0">
  <testcase classname="com.runner.DataProviderTest" name="verifyLogin" time="0.001"/>
  <testcase classname="com.runner.DataProviderTest" name="verifyLogin" time="0.005"/>
</testsuite> <!-- com.runner.DataProviderTest -->
