<?xml version="1.0" encoding="UTF-8"?>
<!-- Generated by org.testng.reporters.JUnitReportReporter -->
<testsuite hostname="Navin" failures="0" tests="3" name="com.runner.SimpleAnnotation" time="0.019" errors="0" timestamp="2024-10-09T09:49:41 IST" skipped="0">
  <testcase classname="com.runner.SimpleAnnotation" name="verifySearch" time="0.012"/>
  <testcase classname="com.runner.SimpleAnnotation" name="verifySelectedProduct" time="0.004"/>
  <testcase classname="com.runner.SimpleAnnotation" name="verifyPayment" time="0.003"/>
</testsuite> <!-- com.runner.SimpleAnnotation -->
