<?xml version="1.0" encoding="UTF-8"?>
<!-- Generated by org.testng.reporters.JUnitReportReporter -->
<testsuite hostname="Navin" failures="0" tests="1" name="com.runner.ParameterTest" time="0.010" errors="0" timestamp="2024-10-17T09:27:59 IST" skipped="0">
  <testcase classname="com.runner.ParameterTest" name="verifyLogin" time="0.010"/>
</testsuite> <!-- com.runner.ParameterTest -->
