<?xml version="1.0" encoding="UTF-8"?>
<!-- Generated by org.testng.reporters.JUnitReportReporter -->
<testsuite hostname="Navin" failures="0" tests="3" name="com.runner.IgnoreTest" time="0.013" errors="0" timestamp="2024-10-15T09:21:07 IST" skipped="2">
  <testcase classname="com.runner.IgnoreTest" name="verifySearch" time="0.013"/>
  <testcase classname="com.runner.IgnoreTest" name="verifySelectedProduct">
    <skipped/>
  </testcase> <!-- verifySelectedProduct -->
  <testcase classname="com.runner.IgnoreTest" name="verifyPayment">
    <skipped/>
  </testcase> <!-- verifyPayment -->
</testsuite> <!-- com.runner.IgnoreTest -->
